D:\GITHUB\OOP_PROJECTS\2\1\DEBUG\VC110.PDB
D:\GITHUB\OOP_PROJECTS\2\1\DEBUG\3.OBJ
D:\GITHUB\OOP_PROJECTS\2\1\DEBUG\STDAFX.OBJ
D:\GitHub\OOP_projects\3\1\Debug\3.obj
D:\GitHub\OOP_projects\3\1\Debug\computer.obj
D:\GitHub\OOP_projects\3\1\Debug\printdevice.obj
D:\GitHub\OOP_projects\3\1\Debug\product.obj
D:\GitHub\OOP_projects\3\1\Debug\scan.obj
D:\GitHub\OOP_projects\3\1\Debug\stdafx.obj
D:\GitHub\OOP_projects\3\1\Debug\tablet.obj
D:\GitHub\OOP_projects\3\1\Debug\tech.obj
D:\GitHub\OOP_projects\3\1\Debug\cl.command.1.tlog
D:\GitHub\OOP_projects\3\1\Debug\CL.read.1.tlog
D:\GitHub\OOP_projects\3\1\Debug\CL.write.1.tlog
D:\GitHub\OOP_projects\3\1\Debug\link-cvtres.read.1.tlog
D:\GitHub\OOP_projects\3\1\Debug\link-cvtres.write.1.tlog
D:\GitHub\OOP_projects\3\1\Debug\link-rc.read.1.tlog
D:\GitHub\OOP_projects\3\1\Debug\link-rc.write.1.tlog
D:\GitHub\OOP_projects\3\1\Debug\link.24684-cvtres.read.1.tlog
D:\GitHub\OOP_projects\3\1\Debug\link.24684-cvtres.write.1.tlog
D:\GitHub\OOP_projects\3\1\Debug\link.24684-rc.read.1.tlog
D:\GitHub\OOP_projects\3\1\Debug\link.24684-rc.write.1.tlog
D:\GitHub\OOP_projects\3\1\Debug\link.24684.read.1.tlog
D:\GitHub\OOP_projects\3\1\Debug\link.24684.write.1.tlog
D:\GitHub\OOP_projects\3\1\Debug\link.8820-cvtres.read.1.tlog
D:\GitHub\OOP_projects\3\1\Debug\link.8820-cvtres.write.1.tlog
D:\GitHub\OOP_projects\3\1\Debug\link.8820-rc.read.1.tlog
D:\GitHub\OOP_projects\3\1\Debug\link.8820-rc.write.1.tlog
D:\GitHub\OOP_projects\3\1\Debug\link.8820.read.1.tlog
D:\GitHub\OOP_projects\3\1\Debug\link.8820.write.1.tlog
D:\GitHub\OOP_projects\3\1\Debug\link.command.1.tlog
D:\GitHub\OOP_projects\3\1\Debug\link.read.1.tlog
D:\GitHub\OOP_projects\3\1\Debug\link.write.1.tlog
D:\GitHub\OOP_projects\3\1\Debug\vc110.idb
D:\GitHub\OOP_projects\3\1\Debug\vc110.pdb
D:\GitHub\OOP_projects\3\Debug\3.pdb
